# JRE version: OpenJDK Runtime Environment Homebrew (11.0.25) (build 11.0.25+0)
# Java VM: OpenJDK 64-Bit Server VM Homebrew (11.0.25+0, mixed mode, tiered, compressed oops, g1 gc, bsd-aarch64)
Heap:
 garbage-first heap   total 351232K, used 250848K [0x0000000780000000, 0x00000007c0000000)
  region size 1024K, 142 young (145408K), 19 survivors (19456K)
 Metaspace       used 125062K, capacity 133881K, committed 134112K, reserved 1161216K
  class space    used 18928K, capacity 23361K, committed 23440K, reserved 1048576K
GC Heap History (20 events):
Event: 3.289 GC heap before
{Heap before GC invocations=12 (full 0):
 garbage-first heap   total 262144K, used 246071K [0x0000000780000000, 0x00000007c0000000)
  region size 1024K, 153 young (156672K), 18 survivors (18432K)
 Metaspace       used 79547K, capacity 83255K, committed 83408K, reserved 1120256K
  class space    used 11381K, capacity 13331K, committed 13440K, reserved 1048576K
}
Event: 3.294 GC heap after
{Heap after GC invocations=13 (full 0):
 garbage-first heap   total 268288K, used 49871K [0x0000000780000000, 0x00000007c0000000)
  region size 1024K, 11 young (11264K), 11 survivors (11264K)
 Metaspace       used 79547K, capacity 83255K, committed 83408K, reserved 1120256K
  class space    used 11381K, capacity 13331K, committed 13440K, reserved 1048576K
}
Event: 3.400 GC heap before
{Heap before GC invocations=13 (full 0):
 garbage-first heap   total 268288K, used 261839K [0x0000000780000000, 0x00000007c0000000)
  region size 1024K, 157 young (160768K), 11 survivors (11264K)
 Metaspace       used 79702K, capacity 83409K, committed 83664K, reserved 1120256K
  class space    used 11384K, capacity 13333K, committed 13440K, reserved 1048576K
}
Event: 3.404 GC heap after
{Heap after GC invocations=14 (full 0):
 garbage-first heap   total 278528K, used 51457K [0x0000000780000000, 0x00000007c0000000)
  region size 1024K, 15 young (15360K), 15 survivors (15360K)
 Metaspace       used 79702K, capacity 83409K, committed 83664K, reserved 1120256K
  class space    used 11384K, capacity 13333K, committed 13440K, reserved 1048576K
}
Event: 3.523 GC heap before
{Heap before GC invocations=14 (full 0):
 garbage-first heap   total 278528K, used 271617K [0x0000000780000000, 0x00000007c0000000)
  region size 1024K, 163 young (166912K), 15 survivors (15360K)
 Metaspace       used 79913K, capacity 83624K, committed 83920K, reserved 1120256K
  class space    used 11384K, capacity 13333K, committed 13440K, reserved 1048576K
}
Event: 3.527 GC heap after
{Heap after GC invocations=15 (full 0):
 garbage-first heap   total 290816K, used 51506K [0x0000000780000000, 0x00000007c0000000)
  region size 1024K, 12 young (12288K), 12 survivors (12288K)
 Metaspace       used 79913K, capacity 83624K, committed 83920K, reserved 1120256K
  class space    used 11384K, capacity 13333K, committed 13440K, reserved 1048576K
}
Event: 3.616 GC heap before
{Heap before GC invocations=15 (full 0):
 garbage-first heap   total 290816K, used 289074K [0x0000000780000000, 0x00000007c0000000)
  region size 1024K, 165 young (168960K), 12 survivors (12288K)
 Metaspace       used 80010K, capacity 83709K, committed 83920K, reserved 1120256K
  class space    used 11387K, capacity 13339K, committed 13440K, reserved 1048576K
}
Event: 3.620 GC heap after
{Heap after GC invocations=16 (full 0):
 garbage-first heap   total 305152K, used 53766K [0x0000000780000000, 0x00000007c0000000)
  region size 1024K, 14 young (14336K), 14 survivors (14336K)
 Metaspace       used 80010K, capacity 83709K, committed 83920K, reserved 1120256K
  class space    used 11387K, capacity 13339K, committed 13440K, reserved 1048576K
}
Event: 3.782 GC heap before
{Heap before GC invocations=16 (full 0):
 garbage-first heap   total 305152K, used 295430K [0x0000000780000000, 0x00000007c0000000)
  region size 1024K, 179 young (183296K), 14 survivors (14336K)
 Metaspace       used 80133K, capacity 83852K, committed 84176K, reserved 1120256K
  class space    used 11387K, capacity 13339K, committed 13440K, reserved 1048576K
}
Event: 3.786 GC heap after
{Heap after GC invocations=17 (full 0):
 garbage-first heap   total 314368K, used 56196K [0x0000000780000000, 0x00000007c0000000)
  region size 1024K, 15 young (15360K), 15 survivors (15360K)
 Metaspace       used 80133K, capacity 83852K, committed 84176K, reserved 1120256K
  class space    used 11387K, capacity 13339K, committed 13440K, reserved 1048576K
}
Event: 3.910 GC heap before
{Heap before GC invocations=17 (full 0):
 garbage-first heap   total 314368K, used 312196K [0x0000000780000000, 0x00000007c0000000)
  region size 1024K, 182 young (186368K), 15 survivors (15360K)
 Metaspace       used 80279K, capacity 84064K, committed 84176K, reserved 1120256K
  class space    used 11387K, capacity 13339K, committed 13440K, reserved 1048576K
}
Event: 3.913 GC heap after
{Heap after GC invocations=18 (full 0):
 garbage-first heap   total 331776K, used 58974K [0x0000000780000000, 0x00000007c0000000)
  region size 1024K, 13 young (13312K), 13 survivors (13312K)
 Metaspace       used 80279K, capacity 84064K, committed 84176K, reserved 1120256K
  class space    used 11387K, capacity 13339K, committed 13440K, reserved 1048576K
}
Event: 4.052 GC heap before
{Heap before GC invocations=18 (full 0):
 garbage-first heap   total 335872K, used 334430K [0x0000000780000000, 0x00000007c0000000)
  region size 1024K, 193 young (197632K), 13 survivors (13312K)
 Metaspace       used 80465K, capacity 84206K, committed 84432K, reserved 1120256K
  class space    used 11387K, capacity 13339K, committed 13440K, reserved 1048576K
}
Event: 4.056 GC heap after
{Heap after GC invocations=19 (full 0):
 garbage-first heap   total 351232K, used 65141K [0x0000000780000000, 0x00000007c0000000)
  region size 1024K, 15 young (15360K), 15 survivors (15360K)
 Metaspace       used 80465K, capacity 84206K, committed 84432K, reserved 1120256K
  class space    used 11387K, capacity 13339K, committed 13440K, reserved 1048576K
}
Event: 4.328 GC heap before
{Heap before GC invocations=19 (full 0):
 garbage-first heap   total 351232K, used 310901K [0x0000000780000000, 0x00000007c0000000)
  region size 1024K, 205 young (209920K), 15 survivors (15360K)
 Metaspace       used 82206K, capacity 86160K, committed 86352K, reserved 1122304K
  class space    used 11671K, capacity 13714K, committed 13824K, reserved 1048576K
}
Event: 4.332 GC heap after
{Heap after GC invocations=20 (full 0):
 garbage-first heap   total 351232K, used 61802K [0x0000000780000000, 0x00000007c0000000)
  region size 1024K, 14 young (14336K), 14 survivors (14336K)
 Metaspace       used 82206K, capacity 86160K, committed 86352K, reserved 1122304K
  class space    used 11671K, capacity 13714K, committed 13824K, reserved 1048576K
}
Event: 4.920 GC heap before
{Heap before GC invocations=20 (full 0):
 garbage-first heap   total 351232K, used 206186K [0x0000000780000000, 0x00000007c0000000)
  region size 1024K, 150 young (153600K), 14 survivors (14336K)
 Metaspace       used 96209K, capacity 100694K, committed 100816K, reserved 1134592K
  class space    used 13596K, capacity 15939K, committed 16000K, reserved 1048576K
}
Event: 4.926 GC heap after
{Heap after GC invocations=21 (full 0):
 garbage-first heap   total 351232K, used 64979K [0x0000000780000000, 0x00000007c0000000)
  region size 1024K, 17 young (17408K), 17 survivors (17408K)
 Metaspace       used 96209K, capacity 100694K, committed 100816K, reserved 1134592K
  class space    used 13596K, capacity 15939K, committed 16000K, reserved 1048576K
}
Event: 6.768 GC heap before
{Heap before GC invocations=22 (full 0):
 garbage-first heap   total 351232K, used 262611K [0x0000000780000000, 0x00000007c0000000)
  region size 1024K, 205 young (209920K), 17 survivors (17408K)
 Metaspace       used 117286K, capacity 123453K, committed 123616K, reserved 1153024K
  class space    used 16902K, capacity 20049K, committed 20112K, reserved 1048576K
}
Event: 6.786 GC heap after
{Heap after GC invocations=23 (full 0):
 garbage-first heap   total 351232K, used 72672K [0x0000000780000000, 0x00000007c0000000)
  region size 1024K, 19 young (19456K), 19 survivors (19456K)
 Metaspace       used 117286K, capacity 123453K, committed 123616K, reserved 1153024K
  class space    used 16902K, capacity 20049K, committed 20112K, reserved 1048576K
}

